# JRE version: Java(TM) SE Runtime Environment (14.0.2+12) (build 14.0.2+12-46)
# Java VM: Java HotSpot(TM) 64-Bit Server VM (14.0.2+12-46, mixed mode, sharing, tiered, compressed oops, g1 gc, windows-amd64)
Heap:
 garbage-first heap   total 45056K, used 32650K [0x00000000c4a00000, 0x0000000100000000)
  region size 1024K, 14 young (14336K), 2 survivors (2048K)
 Metaspace       used 42754K, capacity 43908K, committed 44160K, reserved 1087488K
  class space    used 5558K, capacity 5998K, committed 6016K, reserved 1048576K
GC Heap History (20 events):
Event: 24.407 GC heap before
{Heap before GC invocations=11 (full 0):
 garbage-first heap   total 45056K, used 34232K [0x00000000c4a00000, 0x0000000100000000)
  region size 1024K, 25 young (25600K), 4 survivors (4096K)
 Metaspace       used 25702K, capacity 26572K, committed 26752K, reserved 1073152K
  class space    used 3260K, capacity 3597K, committed 3712K, reserved 1048576K
}
Event: 24.422 GC heap after
{Heap after GC invocations=12 (full 0):
 garbage-first heap   total 45056K, used 14116K [0x00000000c4a00000, 0x0000000100000000)
  region size 1024K, 3 young (3072K), 3 survivors (3072K)
 Metaspace       used 25702K, capacity 26572K, committed 26752K, reserved 1073152K
  class space    used 3260K, capacity 3597K, committed 3712K, reserved 1048576K
}
Event: 24.692 GC heap before
{Heap before GC invocations=12 (full 0):
 garbage-first heap   total 45056K, used 33572K [0x00000000c4a00000, 0x0000000100000000)
  region size 1024K, 23 young (23552K), 3 survivors (3072K)
 Metaspace       used 26836K, capacity 27751K, committed 27904K, reserved 1073152K
  class space    used 3375K, capacity 3735K, committed 3840K, reserved 1048576K
}
Event: 24.703 GC heap after
{Heap after GC invocations=13 (full 0):
 garbage-first heap   total 45056K, used 14476K [0x00000000c4a00000, 0x0000000100000000)
  region size 1024K, 2 young (2048K), 2 survivors (2048K)
 Metaspace       used 26836K, capacity 27751K, committed 27904K, reserved 1073152K
  class space    used 3375K, capacity 3735K, committed 3840K, reserved 1048576K
}
Event: 24.714 GC heap before
{Heap before GC invocations=13 (full 0):
 garbage-first heap   total 45056K, used 32908K [0x00000000c4a00000, 0x0000000100000000)
  region size 1024K, 21 young (21504K), 2 survivors (2048K)
 Metaspace       used 26836K, capacity 27751K, committed 27904K, reserved 1073152K
  class space    used 3375K, capacity 3735K, committed 3840K, reserved 1048576K
}
Event: 24.720 GC heap after
{Heap after GC invocations=14 (full 0):
 garbage-first heap   total 45056K, used 14973K [0x00000000c4a00000, 0x0000000100000000)
  region size 1024K, 1 young (1024K), 1 survivors (1024K)
 Metaspace       used 26836K, capacity 27751K, committed 27904K, reserved 1073152K
  class space    used 3375K, capacity 3735K, committed 3840K, reserved 1048576K
}
Event: 25.105 GC heap before
{Heap before GC invocations=14 (full 0):
 garbage-first heap   total 45056K, used 34429K [0x00000000c4a00000, 0x0000000100000000)
  region size 1024K, 21 young (21504K), 1 survivors (1024K)
 Metaspace       used 27710K, capacity 28665K, committed 28800K, reserved 1075200K
  class space    used 3493K, capacity 3892K, committed 3968K, reserved 1048576K
}
Event: 25.110 GC heap after
{Heap after GC invocations=15 (full 0):
 garbage-first heap   total 45056K, used 14879K [0x00000000c4a00000, 0x0000000100000000)
  region size 1024K, 1 young (1024K), 1 survivors (1024K)
 Metaspace       used 27710K, capacity 28665K, committed 28800K, reserved 1075200K
  class space    used 3493K, capacity 3892K, committed 3968K, reserved 1048576K
}
Event: 25.781 GC heap before
{Heap before GC invocations=15 (full 0):
 garbage-first heap   total 45056K, used 35359K [0x00000000c4a00000, 0x0000000100000000)
  region size 1024K, 21 young (21504K), 1 survivors (1024K)
 Metaspace       used 30049K, capacity 31155K, committed 31360K, reserved 1077248K
  class space    used 3798K, capacity 4208K, committed 4224K, reserved 1048576K
}
Event: 25.788 GC heap after
{Heap after GC invocations=16 (full 0):
 garbage-first heap   total 45056K, used 15626K [0x00000000c4a00000, 0x0000000100000000)
  region size 1024K, 2 young (2048K), 2 survivors (2048K)
 Metaspace       used 30049K, capacity 31155K, committed 31360K, reserved 1077248K
  class space    used 3798K, capacity 4208K, committed 4224K, reserved 1048576K
}
Event: 27.556 GC heap before
{Heap before GC invocations=16 (full 0):
 garbage-first heap   total 45056K, used 35082K [0x00000000c4a00000, 0x0000000100000000)
  region size 1024K, 21 young (21504K), 2 survivors (2048K)
 Metaspace       used 33283K, capacity 34363K, committed 34560K, reserved 1079296K
  class space    used 4362K, capacity 4783K, committed 4864K, reserved 1048576K
}
Event: 27.564 GC heap after
{Heap after GC invocations=17 (full 0):
 garbage-first heap   total 45056K, used 16159K [0x00000000c4a00000, 0x0000000100000000)
  region size 1024K, 2 young (2048K), 2 survivors (2048K)
 Metaspace       used 33283K, capacity 34363K, committed 34560K, reserved 1079296K
  class space    used 4362K, capacity 4783K, committed 4864K, reserved 1048576K
}
Event: 27.717 GC heap before
{Heap before GC invocations=17 (full 0):
 garbage-first heap   total 45056K, used 20255K [0x00000000c4a00000, 0x0000000100000000)
  region size 1024K, 7 young (7168K), 2 survivors (2048K)
 Metaspace       used 34362K, capacity 35439K, committed 35584K, reserved 1079296K
  class space    used 4560K, capacity 5014K, committed 5120K, reserved 1048576K
}
Event: 27.726 GC heap after
{Heap after GC invocations=18 (full 0):
 garbage-first heap   total 45056K, used 16394K [0x00000000c4a00000, 0x0000000100000000)
  region size 1024K, 2 young (2048K), 2 survivors (2048K)
 Metaspace       used 34362K, capacity 35439K, committed 35584K, reserved 1079296K
  class space    used 4560K, capacity 5014K, committed 5120K, reserved 1048576K
}
Event: 29.178 GC heap before
{Heap before GC invocations=19 (full 0):
 garbage-first heap   total 45056K, used 35850K [0x00000000c4a00000, 0x0000000100000000)
  region size 1024K, 21 young (21504K), 2 survivors (2048K)
 Metaspace       used 39424K, capacity 40584K, committed 40704K, reserved 1085440K
  class space    used 5158K, capacity 5599K, committed 5632K, reserved 1048576K
}
Event: 29.189 GC heap after
{Heap after GC invocations=20 (full 0):
 garbage-first heap   total 45056K, used 18675K [0x00000000c4a00000, 0x0000000100000000)
  region size 1024K, 3 young (3072K), 3 survivors (3072K)
 Metaspace       used 39424K, capacity 40584K, committed 40704K, reserved 1085440K
  class space    used 5158K, capacity 5599K, committed 5632K, reserved 1048576K
}
Event: 30.498 GC heap before
{Heap before GC invocations=20 (full 0):
 garbage-first heap   total 45056K, used 33011K [0x00000000c4a00000, 0x0000000100000000)
  region size 1024K, 18 young (18432K), 3 survivors (3072K)
 Metaspace       used 41387K, capacity 42538K, committed 42752K, reserved 1085440K
  class space    used 5402K, capacity 5863K, committed 5888K, reserved 1048576K
}
Event: 30.509 GC heap after
{Heap after GC invocations=21 (full 0):
 garbage-first heap   total 45056K, used 20220K [0x00000000c4a00000, 0x0000000100000000)
  region size 1024K, 2 young (2048K), 2 survivors (2048K)
 Metaspace       used 41387K, capacity 42538K, committed 42752K, reserved 1085440K
  class space    used 5402K, capacity 5863K, committed 5888K, reserved 1048576K
}
Event: 31.030 GC heap before
{Heap before GC invocations=21 (full 0):
 garbage-first heap   total 45056K, used 32508K [0x00000000c4a00000, 0x0000000100000000)
  region size 1024K, 15 young (15360K), 2 survivors (2048K)
 Metaspace       used 42493K, capacity 43703K, committed 43904K, reserved 1087488K
  class space    used 5540K, capacity 5996K, committed 6016K, reserved 1048576K
}
Event: 31.035 GC heap after
{Heap after GC invocations=22 (full 0):
 garbage-first heap   total 45056K, used 21386K [0x00000000c4a00000, 0x0000000100000000)
  region size 1024K, 2 young (2048K), 2 survivors (2048K)
 Metaspace       used 42493K, capacity 43703K, committed 43904K, reserved 1087488K
  class space    used 5540K, capacity 5996K, committed 6016K, reserved 1048576K
}

