# JRE version: Java(TM) SE Runtime Environment (14.0.2+12) (build 14.0.2+12-46)
# Java VM: Java HotSpot(TM) 64-Bit Server VM (14.0.2+12-46, mixed mode, sharing, tiered, compressed oops, g1 gc, windows-amd64)
Heap:
 garbage-first heap   total 176128K, used 34907K [0x00000000c4a00000, 0x0000000100000000)
  region size 1024K, 1 young (1024K), 1 survivors (1024K)
 Metaspace       used 58994K, capacity 60589K, committed 61056K, reserved 1101824K
  class space    used 7806K, capacity 8436K, committed 8576K, reserved 1048576K
GC Heap History (20 events):
Event: 5409.442 GC heap after
{Heap after GC invocations=48 (full 0):
 garbage-first heap   total 71680K, used 33156K [0x00000000c4a00000, 0x0000000100000000)
  region size 1024K, 1 young (1024K), 1 survivors (1024K)
 Metaspace       used 58876K, capacity 60461K, committed 60672K, reserved 1101824K
  class space    used 7788K, capacity 8372K, committed 8448K, reserved 1048576K
}
Event: 5440.996 GC heap before
{Heap before GC invocations=48 (full 0):
 garbage-first heap   total 71680K, used 35204K [0x00000000c4a00000, 0x0000000100000000)
  region size 1024K, 3 young (3072K), 1 survivors (1024K)
 Metaspace       used 58955K, capacity 60525K, committed 60800K, reserved 1101824K
  class space    used 7806K, capacity 8436K, committed 8576K, reserved 1048576K
}
Event: 5453.601 GC heap after
{Heap after GC invocations=49 (full 0):
 garbage-first heap   total 71680K, used 33266K [0x00000000c4a00000, 0x0000000100000000)
  region size 1024K, 1 young (1024K), 1 survivors (1024K)
 Metaspace       used 58955K, capacity 60525K, committed 60800K, reserved 1101824K
  class space    used 7806K, capacity 8436K, committed 8576K, reserved 1048576K
}
Event: 5461.373 GC heap before
{Heap before GC invocations=49 (full 0):
 garbage-first heap   total 71680K, used 35314K [0x00000000c4a00000, 0x0000000100000000)
  region size 1024K, 3 young (3072K), 1 survivors (1024K)
 Metaspace       used 58955K, capacity 60525K, committed 60800K, reserved 1101824K
  class space    used 7806K, capacity 8436K, committed 8576K, reserved 1048576K
}
Event: 5461.394 GC heap after
{Heap after GC invocations=50 (full 0):
 garbage-first heap   total 71680K, used 33287K [0x00000000c4a00000, 0x0000000100000000)
  region size 1024K, 1 young (1024K), 1 survivors (1024K)
 Metaspace       used 58955K, capacity 60525K, committed 60800K, reserved 1101824K
  class space    used 7806K, capacity 8436K, committed 8576K, reserved 1048576K
}
Event: 5470.164 GC heap before
{Heap before GC invocations=50 (full 0):
 garbage-first heap   total 71680K, used 35335K [0x00000000c4a00000, 0x0000000100000000)
  region size 1024K, 3 young (3072K), 1 survivors (1024K)
 Metaspace       used 58958K, capacity 60525K, committed 60800K, reserved 1101824K
  class space    used 7806K, capacity 8436K, committed 8576K, reserved 1048576K
}
Event: 5470.299 GC heap after
{Heap after GC invocations=51 (full 0):
 garbage-first heap   total 71680K, used 33282K [0x00000000c4a00000, 0x0000000100000000)
  region size 1024K, 1 young (1024K), 1 survivors (1024K)
 Metaspace       used 58958K, capacity 60525K, committed 60800K, reserved 1101824K
  class space    used 7806K, capacity 8436K, committed 8576K, reserved 1048576K
}
Event: 5479.989 GC heap before
{Heap before GC invocations=51 (full 0):
 garbage-first heap   total 71680K, used 35330K [0x00000000c4a00000, 0x0000000100000000)
  region size 1024K, 3 young (3072K), 1 survivors (1024K)
 Metaspace       used 58962K, capacity 60525K, committed 60800K, reserved 1101824K
  class space    used 7806K, capacity 8436K, committed 8576K, reserved 1048576K
}
Event: 5479.991 GC heap after
{Heap after GC invocations=52 (full 0):
 garbage-first heap   total 71680K, used 33578K [0x00000000c4a00000, 0x0000000100000000)
  region size 1024K, 1 young (1024K), 1 survivors (1024K)
 Metaspace       used 58962K, capacity 60525K, committed 60800K, reserved 1101824K
  class space    used 7806K, capacity 8436K, committed 8576K, reserved 1048576K
}
Event: 5480.273 GC heap before
{Heap before GC invocations=52 (full 0):
 garbage-first heap   total 71680K, used 34602K [0x00000000c4a00000, 0x0000000100000000)
  region size 1024K, 3 young (3072K), 1 survivors (1024K)
 Metaspace       used 58962K, capacity 60525K, committed 60800K, reserved 1101824K
  class space    used 7806K, capacity 8436K, committed 8576K, reserved 1048576K
}
Event: 5480.764 GC heap after
{Heap after GC invocations=53 (full 0):
 garbage-first heap   total 71680K, used 33737K [0x00000000c4a00000, 0x0000000100000000)
  region size 1024K, 1 young (1024K), 1 survivors (1024K)
 Metaspace       used 58962K, capacity 60525K, committed 60800K, reserved 1101824K
  class space    used 7806K, capacity 8436K, committed 8576K, reserved 1048576K
}
Event: 5481.343 GC heap before
{Heap before GC invocations=53 (full 0):
 garbage-first heap   total 71680K, used 35785K [0x00000000c4a00000, 0x0000000100000000)
  region size 1024K, 3 young (3072K), 1 survivors (1024K)
 Metaspace       used 58969K, capacity 60525K, committed 60800K, reserved 1101824K
  class space    used 7806K, capacity 8436K, committed 8576K, reserved 1048576K
}
Event: 5481.513 GC heap after
{Heap after GC invocations=54 (full 0):
 garbage-first heap   total 71680K, used 33899K [0x00000000c4a00000, 0x0000000100000000)
  region size 1024K, 1 young (1024K), 1 survivors (1024K)
 Metaspace       used 58969K, capacity 60525K, committed 60800K, reserved 1101824K
  class space    used 7806K, capacity 8436K, committed 8576K, reserved 1048576K
}
Event: 5482.945 GC heap before
{Heap before GC invocations=54 (full 0):
 garbage-first heap   total 71680K, used 35947K [0x00000000c4a00000, 0x0000000100000000)
  region size 1024K, 3 young (3072K), 1 survivors (1024K)
 Metaspace       used 58972K, capacity 60589K, committed 61056K, reserved 1101824K
  class space    used 7806K, capacity 8436K, committed 8576K, reserved 1048576K
}
Event: 5483.800 GC heap after
{Heap after GC invocations=55 (full 0):
 garbage-first heap   total 71680K, used 34221K [0x00000000c4a00000, 0x0000000100000000)
  region size 1024K, 1 young (1024K), 1 survivors (1024K)
 Metaspace       used 58972K, capacity 60589K, committed 61056K, reserved 1101824K
  class space    used 7806K, capacity 8436K, committed 8576K, reserved 1048576K
}
Event: 5484.259 GC heap before
{Heap before GC invocations=55 (full 0):
 garbage-first heap   total 71680K, used 36269K [0x00000000c4a00000, 0x0000000100000000)
  region size 1024K, 3 young (3072K), 1 survivors (1024K)
 Metaspace       used 58972K, capacity 60589K, committed 61056K, reserved 1101824K
  class space    used 7806K, capacity 8436K, committed 8576K, reserved 1048576K
}
Event: 5485.214 GC heap after
{Heap after GC invocations=56 (full 0):
 garbage-first heap   total 71680K, used 34293K [0x00000000c4a00000, 0x0000000100000000)
  region size 1024K, 1 young (1024K), 1 survivors (1024K)
 Metaspace       used 58972K, capacity 60589K, committed 61056K, reserved 1101824K
  class space    used 7806K, capacity 8436K, committed 8576K, reserved 1048576K
}
Event: 5487.109 GC heap before
{Heap before GC invocations=56 (full 0):
 garbage-first heap   total 71680K, used 36341K [0x00000000c4a00000, 0x0000000100000000)
  region size 1024K, 3 young (3072K), 1 survivors (1024K)
 Metaspace       used 58991K, capacity 60589K, committed 61056K, reserved 1101824K
  class space    used 7806K, capacity 8436K, committed 8576K, reserved 1048576K
}
Event: 5487.188 GC heap after
{Heap after GC invocations=57 (full 0):
 garbage-first heap   total 71680K, used 34592K [0x00000000c4a00000, 0x0000000100000000)
  region size 1024K, 1 young (1024K), 1 survivors (1024K)
 Metaspace       used 58991K, capacity 60589K, committed 61056K, reserved 1101824K
  class space    used 7806K, capacity 8436K, committed 8576K, reserved 1048576K
}
Event: 5487.724 GC heap before
{Heap before GC invocations=57 (full 0):
 garbage-first heap   total 71680K, used 36640K [0x00000000c4a00000, 0x0000000100000000)
  region size 1024K, 3 young (3072K), 1 survivors (1024K)
 Metaspace       used 58994K, capacity 60589K, committed 61056K, reserved 1101824K
  class space    used 7806K, capacity 8436K, committed 8576K, reserved 1048576K
}

